Arguments: 
  /home/mplewis/.nvm/versions/node/v12.9.1/bin/node /home/mplewis/.yarn/bin/yarn.js add --dev typescript

PATH: 
  /home/mplewis/.rvm/gems/ruby-2.6.3/bin:/home/mplewis/.rvm/gems/ruby-2.6.3@global/bin:/home/mplewis/.rvm/rubies/ruby-2.6.3/bin:/home/mplewis/.yarn/bin:/home/mplewis/.config/yarn/global/node_modules/.bin:/home/mplewis/.nvm/versions/node/v12.9.1/bin:/usr/local/sbin:/usr/local/bin:/usr/sbin:/usr/bin:/sbin:/bin:/usr/games:/usr/local/games:/c/WINDOWS/system32:/c/WINDOWS:/c/WINDOWS/System32/Wbem:/c/WINDOWS/System32/WindowsPowerShell/v1.0/:/c/WINDOWS/System32/OpenSSH/:/c/Program Files/Microsoft VS Code/bin:/c/Program Files/Git/cmd:/c/Program Files/Docker/Docker/resources/bin:/c/ProgramData/DockerDesktop/version-bin:/c/Users/mathp/AppData/Local/hyper/app-3.0.2/resources/bin:/home/mplewis/.fzf/bin:/home/mplewis/.linkerd2/bin:/home/mplewis/.rvm/bin:/home/mplewis/.rvm/bin:/home/mplewis/.rvm/bin:/home/mplewis/.rvm/bin

Yarn version: 
  1.19.1

Node version: 
  12.9.1

Platform: 
  linux x64

Trace: 
  Error: getaddrinfo EAI_AGAIN registry.yarnpkg.com
      at GetAddrInfoReqWrap.onlookup [as oncomplete] (dns.js:60:26)

npm manifest: 
  {
    "name": "loblet",
    "version": "0.0.0",
    "main": "dist/index.js",
    "author": "Matt Lewis <matt@mplewis.com>",
    "license": "MIT",
    "private": true
  }

yarn manifest: 
  No manifest

Lockfile: 
  No lockfile
